UIFormExample 6/UIFormExample/app/build/outputs/logs/manifest-merger-debug-report.txt
-- Merging decision tree log ---
manifest
ADDED from src\main\AndroidManifest.xml:2:1-34:12
	package
		ADDED from src\main\AndroidManifest.xml:3:5-47
		INJECTED from src\main\AndroidManifest.xml
		INJECTED from src\main\AndroidManifest.xml
	android:versionName
		ADDED from src\main\AndroidManifest.xml:5:5-30
		INJECTED from src\main\AndroidManifest.xml
		INJECTED from src\main\AndroidManifest.xml
	android:versionCode
		ADDED from src\main\AndroidManifest.xml:4:5-28
		INJECTED from src\main\AndroidManifest.xml
		INJECTED from src\main\AndroidManifest.xml
	xmlns:android
		ADDED from src\main\AndroidManifest.xml:2:11-69
uses-sdk
ADDED from src\main\AndroidManifest.xml:7:5-9:41
MERGED from [com.github.satyan:sugar:1.3] AndroidManifest.xml:7:5-9:41
	android:targetSdkVersion
		ADDED from src\main\AndroidManifest.xml:9:9-38
		INJECTED from src\main\AndroidManifest.xml
		INJECTED from src\main\AndroidManifest.xml
	android:minSdkVersion
		ADDED from src\main\AndroidManifest.xml:8:9-35
		INJECTED from src\main\AndroidManifest.xml
		INJECTED from src\main\AndroidManifest.xml
application
ADDED from src\main\AndroidManifest.xml:11:5-32:19
MERGED from [com.github.satyan:sugar:1.3] AndroidManifest.xml:11:5-15:19
	android:label
		ADDED from src\main\AndroidManifest.xml:15:9-41
	android:allowBackup
		ADDED from src\main\AndroidManifest.xml:13:9-35
	android:icon
		ADDED from src\main\AndroidManifest.xml:14:9-45
	android:theme
		ADDED from src\main\AndroidManifest.xml:16:9-40
	android:name
		ADDED from src\main\AndroidManifest.xml:12:9-40
activity#org.uab.android.ui.uiformexample.MainActivity
ADDED from src\main\AndroidManifest.xml:18:9-26:20
	android:label
		ADDED from src\main\AndroidManifest.xml:20:13-45
	android:name
		ADDED from src\main\AndroidManifest.xml:19:13-41
intent-filter#android.intent.action.MAIN+android.intent.category.LAUNCHER
ADDED from src\main\AndroidManifest.xml:21:13-25:29
action#android.intent.action.MAIN
ADDED from src\main\AndroidManifest.xml:22:17-69
	android:name
		ADDED from src\main\AndroidManifest.xml:22:25-66
category#android.intent.category.LAUNCHER
ADDED from src\main\AndroidManifest.xml:24:17-77
	android:name
		ADDED from src\main\AndroidManifest.xml:24:27-74
meta-data#DATABASE
ADDED from src\main\AndroidManifest.xml:27:9-73
	android:value
		ADDED from src\main\AndroidManifest.xml:27:44-70
	android:name
		ADDED from src\main\AndroidManifest.xml:27:20-43
meta-data#VERSION
ADDED from src\main\AndroidManifest.xml:28:9-63
	android:value
		ADDED from src\main\AndroidManifest.xml:28:43-60
	android:name
		ADDED from src\main\AndroidManifest.xml:28:20-42
meta-data#QUERY_LOG
ADDED from src\main\AndroidManifest.xml:29:9-68
	android:value
		ADDED from src\main\AndroidManifest.xml:29:45-65
	android:name
		ADDED from src\main\AndroidManifest.xml:29:20-44
meta-data#DOMAIN_PACKAGE_NAME
ADDED from src\main\AndroidManifest.xml:30:9-94
	android:value
		ADDED from src\main\AndroidManifest.xml:30:55-91
	android:name
		ADDED from src\main\AndroidManifest.xml:30:20-54